  [1m[35m (817.3ms)[0m  [1m[35mCREATE DATABASE "doctor_appointement_backend_development" ENCODING = 'unicode'[0m
  [1m[35m (673.0ms)[0m  [1m[35mCREATE DATABASE "doctor_development" ENCODING = 'unicode'[0m
  [1m[35m (37.4ms)[0m  [1m[35mCREATE TABLE "schema_migrations" ("version" character varying NOT NULL PRIMARY KEY)[0m
  [1m[35m (13.3ms)[0m  [1m[35mCREATE TABLE "ar_internal_metadata" ("key" character varying NOT NULL PRIMARY KEY, "value" character varying, "created_at" timestamp(6) NOT NULL, "updated_at" timestamp(6) NOT NULL)[0m
  [1m[35m (0.9ms)[0m  [1m[34mSELECT pg_try_advisory_lock(2477483572712111565)[0m
  [1m[36mActiveRecord::SchemaMigration Pluck (3.2ms)[0m  [1m[34mSELECT "schema_migrations"."version" FROM "schema_migrations" ORDER BY "schema_migrations"."version" ASC[0m
Migrating to CreateDoctors (20230830234642)
  [1m[36mTRANSACTION (0.8ms)[0m  [1m[35mBEGIN[0m
  [1m[35m (17.7ms)[0m  [1m[35mCREATE TABLE "doctors" ("id" bigserial primary key, "name" character varying, "speciality" character varying, "description" text, "experience" integer, "fees" decimal(10,2), "image" character varying, "created_at" timestamp(6) NOT NULL, "updated_at" timestamp(6) NOT NULL)[0m
  [1m[36mActiveRecord::SchemaMigration Create (4.6ms)[0m  [1m[32mINSERT INTO "schema_migrations" ("version") VALUES ($1) RETURNING "version"[0m  [["version", "20230830234642"]]
  [1m[36mTRANSACTION (0.6ms)[0m  [1m[35mCOMMIT[0m
Migrating to CreateUsers (20230830235651)
  [1m[36mTRANSACTION (0.7ms)[0m  [1m[35mBEGIN[0m
  [1m[35m (12.0ms)[0m  [1m[35mCREATE TABLE "users" ("id" bigserial primary key, "name" character varying, "password_digest" character varying, "created_at" timestamp(6) NOT NULL, "updated_at" timestamp(6) NOT NULL)[0m
  [1m[36mActiveRecord::SchemaMigration Create (0.8ms)[0m  [1m[32mINSERT INTO "schema_migrations" ("version") VALUES ($1) RETURNING "version"[0m  [["version", "20230830235651"]]
  [1m[36mTRANSACTION (0.6ms)[0m  [1m[35mCOMMIT[0m
Migrating to CreateAppointements (20230831053015)
  [1m[36mTRANSACTION (0.4ms)[0m  [1m[35mBEGIN[0m
  [1m[35m (19.1ms)[0m  [1m[35mCREATE TABLE "appointements" ("id" bigserial primary key, "city" character varying, "date" character varying, "time" character varying, "doctor_id" bigint NOT NULL, "user_id" bigint NOT NULL, "created_at" timestamp(6) NOT NULL, "updated_at" timestamp(6) NOT NULL, CONSTRAINT "fk_rails_50d626ba73"
FOREIGN KEY ("doctor_id")
  REFERENCES "doctors" ("id")
, CONSTRAINT "fk_rails_5815d00ba5"
FOREIGN KEY ("user_id")
  REFERENCES "users" ("id")
)[0m
  [1m[35m (4.8ms)[0m  [1m[35mCREATE INDEX "index_appointements_on_doctor_id" ON "appointements" ("doctor_id")[0m
  [1m[35m (3.8ms)[0m  [1m[35mCREATE INDEX "index_appointements_on_user_id" ON "appointements" ("user_id")[0m
  [1m[36mActiveRecord::SchemaMigration Create (0.6ms)[0m  [1m[32mINSERT INTO "schema_migrations" ("version") VALUES ($1) RETURNING "version"[0m  [["version", "20230831053015"]]
  [1m[36mTRANSACTION (0.7ms)[0m  [1m[35mCOMMIT[0m
Migrating to CreateActiveStorageTables (20230831055523)
  [1m[36mTRANSACTION (1.2ms)[0m  [1m[35mBEGIN[0m
  [1m[35m (14.1ms)[0m  [1m[35mCREATE TABLE "active_storage_blobs" ("id" bigserial primary key, "key" character varying NOT NULL, "filename" character varying NOT NULL, "content_type" character varying, "metadata" text, "service_name" character varying NOT NULL, "byte_size" bigint NOT NULL, "checksum" character varying, "created_at" timestamp(6) NOT NULL)[0m
  [1m[35m (3.7ms)[0m  [1m[35mCREATE UNIQUE INDEX "index_active_storage_blobs_on_key" ON "active_storage_blobs" ("key")[0m
  [1m[35m (64.2ms)[0m  [1m[35mCREATE TABLE "active_storage_attachments" ("id" bigserial primary key, "name" character varying NOT NULL, "record_type" character varying NOT NULL, "record_id" bigint NOT NULL, "blob_id" bigint NOT NULL, "created_at" timestamp(6) NOT NULL, CONSTRAINT "fk_rails_c3b3935057"
FOREIGN KEY ("blob_id")
  REFERENCES "active_storage_blobs" ("id")
)[0m
  [1m[35m (3.8ms)[0m  [1m[35mCREATE INDEX "index_active_storage_attachments_on_blob_id" ON "active_storage_attachments" ("blob_id")[0m
  [1m[35m (8.2ms)[0m  [1m[35mCREATE UNIQUE INDEX "index_active_storage_attachments_uniqueness" ON "active_storage_attachments" ("record_type", "record_id", "name", "blob_id")[0m
  [1m[35m (18.3ms)[0m  [1m[35mCREATE TABLE "active_storage_variant_records" ("id" bigserial primary key, "blob_id" bigint NOT NULL, "variation_digest" character varying NOT NULL, CONSTRAINT "fk_rails_993965df05"
FOREIGN KEY ("blob_id")
  REFERENCES "active_storage_blobs" ("id")
)[0m
  [1m[35m (4.8ms)[0m  [1m[35mCREATE UNIQUE INDEX "index_active_storage_variant_records_uniqueness" ON "active_storage_variant_records" ("blob_id", "variation_digest")[0m
  [1m[36mActiveRecord::SchemaMigration Create (0.5ms)[0m  [1m[32mINSERT INTO "schema_migrations" ("version") VALUES ($1) RETURNING "version"[0m  [["version", "20230831055523"]]
  [1m[36mTRANSACTION (1.1ms)[0m  [1m[35mCOMMIT[0m
  [1m[36mActiveRecord::InternalMetadata Load (1.6ms)[0m  [1m[34mSELECT "ar_internal_metadata".* FROM "ar_internal_metadata" WHERE "ar_internal_metadata"."key" = $1 LIMIT $2[0m  [["key", "environment"], ["LIMIT", 1]]
  [1m[36mTRANSACTION (0.3ms)[0m  [1m[35mBEGIN[0m
  [1m[36mActiveRecord::InternalMetadata Create (1.9ms)[0m  [1m[32mINSERT INTO "ar_internal_metadata" ("key", "value", "created_at", "updated_at") VALUES ($1, $2, $3, $4) RETURNING "key"[0m  [["key", "environment"], ["value", "development"], ["created_at", "2023-08-31 06:29:28.017733"], ["updated_at", "2023-08-31 06:29:28.017733"]]
  [1m[36mTRANSACTION (0.5ms)[0m  [1m[35mCOMMIT[0m
  [1m[35m (0.5ms)[0m  [1m[34mSELECT pg_advisory_unlock(2477483572712111565)[0m
  [1m[36mActiveRecord::SchemaMigration Pluck (3.2ms)[0m  [1m[34mSELECT "schema_migrations"."version" FROM "schema_migrations" ORDER BY "schema_migrations"."version" ASC[0m
Started GET "/static/js/bundle.js" for ::1 at 2023-08-31 08:05:57 +0100
  [1m[36mActiveRecord::SchemaMigration Pluck (4.3ms)[0m  [1m[34mSELECT "schema_migrations"."version" FROM "schema_migrations" ORDER BY "schema_migrations"."version" ASC[0m
  
ActionController::RoutingError (No route matches [GET] "/static/js/bundle.js"):
  
Started GET "/favicon.ico" for ::1 at 2023-08-31 08:06:03 +0100
  
ActionController::RoutingError (No route matches [GET] "/favicon.ico"):
  
  [1m[36mActiveRecord::SchemaMigration Pluck (2.4ms)[0m  [1m[34mSELECT "schema_migrations"."version" FROM "schema_migrations" ORDER BY "schema_migrations"."version" ASC[0m
  [1m[36mTRANSACTION (0.2ms)[0m  [1m[35mBEGIN[0m
  [1m[36mDoctor Create (16.8ms)[0m  [1m[32mINSERT INTO "doctors" ("name", "speciality", "description", "experience", "fees", "image", "created_at", "updated_at") VALUES ($1, $2, $3, $4, $5, $6, $7, $8) RETURNING "id"[0m  [["name", "Dr. John Doe"], ["speciality", "Dentist"], ["description", "Dr. John Doe is a Dentist in e is tent."], ["experience", 10], ["fees", "100.0"], ["image", nil], ["created_at", "2023-08-31 07:07:28.509535"], ["updated_at", "2023-08-31 07:07:28.509535"]]
  [1m[36mActiveStorage::Attachment Load (4.5ms)[0m  [1m[34mSELECT "active_storage_attachments".* FROM "active_storage_attachments" WHERE "active_storage_attachments"."record_id" = $1 AND "active_storage_attachments"."record_type" = $2 AND "active_storage_attachments"."name" = $3 LIMIT $4[0m  [["record_id", 1], ["record_type", "Doctor"], ["name", "image"], ["LIMIT", 1]]
  [1m[36mActiveStorage::Blob Create (6.1ms)[0m  [1m[32mINSERT INTO "active_storage_blobs" ("key", "filename", "content_type", "metadata", "service_name", "byte_size", "checksum", "created_at") VALUES ($1, $2, $3, $4, $5, $6, $7, $8) RETURNING "id"[0m  [["key", "qp35oc5eofzcv8360yhfbdv3dmsu"], ["filename", "doc1.png"], ["content_type", "image/png"], ["metadata", "{\"identified\":true}"], ["service_name", "local"], ["byte_size", 2557119], ["checksum", "1wEDaPt/fJYaw78rqHPrFQ=="], ["created_at", "2023-08-31 07:07:28.592434"]]
  [1m[36mActiveStorage::Attachment Create (4.6ms)[0m  [1m[32mINSERT INTO "active_storage_attachments" ("name", "record_type", "record_id", "blob_id", "created_at") VALUES ($1, $2, $3, $4, $5) RETURNING "id"[0m  [["name", "image"], ["record_type", "Doctor"], ["record_id", 1], ["blob_id", 1], ["created_at", "2023-08-31 07:07:28.605622"]]
  [1m[36mDoctor Update (4.6ms)[0m  [1m[33mUPDATE "doctors" SET "updated_at" = $1 WHERE "doctors"."id" = $2[0m  [["updated_at", "2023-08-31 07:07:28.615674"], ["id", 1]]
  [1m[36mTRANSACTION (2.4ms)[0m  [1m[35mCOMMIT[0m
[36m  Disk Storage (48.3ms) [0m[32mUploaded file to key: qp35oc5eofzcv8360yhfbdv3dmsu (checksum: 1wEDaPt/fJYaw78rqHPrFQ==)[0m
[ActiveJob] Enqueued ActiveStorage::AnalyzeJob (Job ID: 5a90aa21-0482-4e4f-91af-af21ae61f737) to Async(default) with arguments: #<GlobalID:0x000002007b51ebb8 @uri=#<URI::GID gid://doctor-appointement-backend/ActiveStorage::Blob/1>>
  [1m[36mDoctor Load (2.3ms)[0m  [1m[34mSELECT "doctors".* FROM "doctors" ORDER BY "doctors"."id" ASC LIMIT $1[0m  [["LIMIT", 1]]
  [1m[36mActiveRecord::SchemaMigration Pluck (2.0ms)[0m  [1m[34mSELECT "schema_migrations"."version" FROM "schema_migrations" ORDER BY "schema_migrations"."version" ASC[0m
  [1m[36mActiveRecord::SchemaMigration Pluck (2.9ms)[0m  [1m[34mSELECT "schema_migrations"."version" FROM "schema_migrations" ORDER BY "schema_migrations"."version" ASC[0m
  [1m[36mActiveRecord::SchemaMigration Pluck (4.6ms)[0m  [1m[34mSELECT "schema_migrations"."version" FROM "schema_migrations" ORDER BY "schema_migrations"."version" ASC[0m
  [1m[36mTRANSACTION (1.0ms)[0m  [1m[35mBEGIN[0m
  [1m[36mDoctor Create (9.7ms)[0m  [1m[32mINSERT INTO "doctors" ("name", "speciality", "description", "experience", "fees", "image", "created_at", "updated_at") VALUES ($1, $2, $3, $4, $5, $6, $7, $8) RETURNING "id"[0m  [["name", "Dr. Marry djan"], ["speciality", "Dentist"], ["description", "Dr. John Doe is a Dentist in e is tent."], ["experience", 10], ["fees", "100.0"], ["image", nil], ["created_at", "2023-08-31 07:17:35.055752"], ["updated_at", "2023-08-31 07:17:35.055752"]]
  [1m[36mActiveStorage::Attachment Load (3.4ms)[0m  [1m[34mSELECT "active_storage_attachments".* FROM "active_storage_attachments" WHERE "active_storage_attachments"."record_id" = $1 AND "active_storage_attachments"."record_type" = $2 AND "active_storage_attachments"."name" = $3 LIMIT $4[0m  [["record_id", 2], ["record_type", "Doctor"], ["name", "image"], ["LIMIT", 1]]
  [1m[36mActiveStorage::Blob Create (1.7ms)[0m  [1m[32mINSERT INTO "active_storage_blobs" ("key", "filename", "content_type", "metadata", "service_name", "byte_size", "checksum", "created_at") VALUES ($1, $2, $3, $4, $5, $6, $7, $8) RETURNING "id"[0m  [["key", "gqsjos2rijqrkqpdifqzl683a1kj"], ["filename", "doc1.png"], ["content_type", "image/png"], ["metadata", "{\"identified\":true}"], ["service_name", "local"], ["byte_size", 2557119], ["checksum", "1wEDaPt/fJYaw78rqHPrFQ=="], ["created_at", "2023-08-31 07:17:35.114650"]]
  [1m[36mActiveStorage::Attachment Create (6.4ms)[0m  [1m[32mINSERT INTO "active_storage_attachments" ("name", "record_type", "record_id", "blob_id", "created_at") VALUES ($1, $2, $3, $4, $5) RETURNING "id"[0m  [["name", "image"], ["record_type", "Doctor"], ["record_id", 2], ["blob_id", 2], ["created_at", "2023-08-31 07:17:35.121001"]]
  [1m[36mDoctor Update (4.8ms)[0m  [1m[33mUPDATE "doctors" SET "updated_at" = $1 WHERE "doctors"."id" = $2[0m  [["updated_at", "2023-08-31 07:17:35.135429"], ["id", 2]]
  [1m[36mTRANSACTION (1.7ms)[0m  [1m[35mCOMMIT[0m
[36m  Disk Storage (65.1ms) [0m[32mUploaded file to key: gqsjos2rijqrkqpdifqzl683a1kj (checksum: 1wEDaPt/fJYaw78rqHPrFQ==)[0m
[ActiveJob] Enqueued ActiveStorage::AnalyzeJob (Job ID: 3f094d5c-0b2e-4820-9642-d028d159e834) to Async(default) with arguments: #<GlobalID:0x000002524202fa08 @uri=#<URI::GID gid://doctor-appointement-backend/ActiveStorage::Blob/2>>
  [1m[36mActiveStorage::Attachment Load (4.0ms)[0m  [1m[34mSELECT "active_storage_attachments".* FROM "active_storage_attachments" WHERE "active_storage_attachments"."record_id" = $1 AND "active_storage_attachments"."record_type" = $2 AND "active_storage_attachments"."name" = $3 LIMIT $4[0m  [["record_id", 1], ["record_type", "Doctor"], ["name", "image"], ["LIMIT", 1]]
  [1m[36mActiveStorage::Blob Load (6.3ms)[0m  [1m[34mSELECT "active_storage_blobs".* FROM "active_storage_blobs" WHERE "active_storage_blobs"."id" = $1 LIMIT $2[0m  [["id", 1], ["LIMIT", 1]]
[36m  Disk Storage (76.1ms) [0m[34mGenerated URL for file at key: qp35oc5eofzcv8360yhfbdv3dmsu ()[0m
  [1m[36mDoctor Load (2.0ms)[0m  [1m[34mSELECT "doctors".* FROM "doctors" ORDER BY "doctors"."id" ASC LIMIT $1[0m  [["LIMIT", 1]]
  [1m[36mActiveStorage::Attachment Load (3.4ms)[0m  [1m[34mSELECT "active_storage_attachments".* FROM "active_storage_attachments" WHERE "active_storage_attachments"."record_id" = $1 AND "active_storage_attachments"."record_type" = $2 AND "active_storage_attachments"."name" = $3 LIMIT $4[0m  [["record_id", 1], ["record_type", "Doctor"], ["name", "image"], ["LIMIT", 1]]
  [1m[36mActiveStorage::Blob Load (2.4ms)[0m  [1m[34mSELECT "active_storage_blobs".* FROM "active_storage_blobs" WHERE "active_storage_blobs"."id" = $1 LIMIT $2[0m  [["id", 1], ["LIMIT", 1]]
[36m  Disk Storage (32.3ms) [0m[34mGenerated URL for file at key: qp35oc5eofzcv8360yhfbdv3dmsu ()[0m
  [1m[36mDoctor Load (0.7ms)[0m  [1m[34mSELECT "doctors".* FROM "doctors" ORDER BY "doctors"."id" ASC LIMIT $1[0m  [["LIMIT", 1]]
  [1m[36mActiveStorage::Attachment Load (0.6ms)[0m  [1m[34mSELECT "active_storage_attachments".* FROM "active_storage_attachments" WHERE "active_storage_attachments"."record_id" = $1 AND "active_storage_attachments"."record_type" = $2 AND "active_storage_attachments"."name" = $3 LIMIT $4[0m  [["record_id", 1], ["record_type", "Doctor"], ["name", "image"], ["LIMIT", 1]]
Started GET "/" for 127.0.0.1 at 2023-08-31 08:39:37 +0100
  [1m[36mActiveRecord::SchemaMigration Pluck (2.6ms)[0m  [1m[34mSELECT "schema_migrations"."version" FROM "schema_migrations" ORDER BY "schema_migrations"."version" ASC[0m
Processing by Rails::WelcomeController#index as HTML
  Rendering C:/Ruby32-x64/lib/ruby/gems/3.2.0/gems/railties-7.0.7.2/lib/rails/templates/rails/welcome/index.html.erb
  Rendered C:/Ruby32-x64/lib/ruby/gems/3.2.0/gems/railties-7.0.7.2/lib/rails/templates/rails/welcome/index.html.erb (Duration: 86.3ms | Allocations: 649)
Completed 200 OK in 196ms (Views: 106.1ms | ActiveRecord: 0.0ms | Allocations: 7080)


Started GET "/doctors/1" for 127.0.0.1 at 2023-08-31 08:39:51 +0100
  
Zeitwerk::NameError (expected file C:/Users/Touré/RubymineProjects/Doctor-appointment/doctor_appointement_backend/app/controllers/doctors_controller.rb to define constant DoctorsController, but didn't):
  
zeitwerk (2.6.11) lib/zeitwerk/loader/callbacks.rb:25:in `on_file_autoloaded'
zeitwerk (2.6.11) lib/zeitwerk/kernel.rb:31:in `require'
activesupport (7.0.7.2) lib/active_support/inflector/methods.rb:278:in `const_get'
activesupport (7.0.7.2) lib/active_support/inflector/methods.rb:278:in `constantize'
activesupport (7.0.7.2) lib/active_support/core_ext/string/inflections.rb:74:in `constantize'
actionpack (7.0.7.2) lib/action_dispatch/http/request.rb:90:in `controller_class_for'
actionpack (7.0.7.2) lib/action_dispatch/request/utils.rb:95:in `action_encoding_template'
actionpack (7.0.7.2) lib/action_dispatch/request/utils.rb:83:in `encode'
actionpack (7.0.7.2) lib/action_dispatch/request/utils.rb:45:in `set_binary_encoding'
actionpack (7.0.7.2) lib/action_dispatch/http/parameters.rb:68:in `path_parameters='
actionpack (7.0.7.2) lib/action_dispatch/journey/router.rb:48:in `block in serve'
actionpack (7.0.7.2) lib/action_dispatch/journey/router.rb:32:in `each'
actionpack (7.0.7.2) lib/action_dispatch/journey/router.rb:32:in `serve'
actionpack (7.0.7.2) lib/action_dispatch/routing/route_set.rb:852:in `call'
rack (2.2.8) lib/rack/etag.rb:27:in `call'
rack (2.2.8) lib/rack/conditional_get.rb:27:in `call'
rack (2.2.8) lib/rack/head.rb:12:in `call'
activerecord (7.0.7.2) lib/active_record/migration.rb:603:in `call'
actionpack (7.0.7.2) lib/action_dispatch/middleware/callbacks.rb:27:in `block in call'
activesupport (7.0.7.2) lib/active_support/callbacks.rb:99:in `run_callbacks'
actionpack (7.0.7.2) lib/action_dispatch/middleware/callbacks.rb:26:in `call'
actionpack (7.0.7.2) lib/action_dispatch/middleware/executor.rb:14:in `call'
actionpack (7.0.7.2) lib/action_dispatch/middleware/actionable_exceptions.rb:17:in `call'
actionpack (7.0.7.2) lib/action_dispatch/middleware/debug_exceptions.rb:28:in `call'
actionpack (7.0.7.2) lib/action_dispatch/middleware/show_exceptions.rb:29:in `call'
railties (7.0.7.2) lib/rails/rack/logger.rb:40:in `call_app'
railties (7.0.7.2) lib/rails/rack/logger.rb:25:in `block in call'
activesupport (7.0.7.2) lib/active_support/tagged_logging.rb:99:in `block in tagged'
activesupport (7.0.7.2) lib/active_support/tagged_logging.rb:37:in `tagged'
activesupport (7.0.7.2) lib/active_support/tagged_logging.rb:99:in `tagged'
railties (7.0.7.2) lib/rails/rack/logger.rb:25:in `call'
actionpack (7.0.7.2) lib/action_dispatch/middleware/remote_ip.rb:93:in `call'
actionpack (7.0.7.2) lib/action_dispatch/middleware/request_id.rb:26:in `call'
rack (2.2.8) lib/rack/runtime.rb:22:in `call'
activesupport (7.0.7.2) lib/active_support/cache/strategy/local_cache_middleware.rb:29:in `call'
actionpack (7.0.7.2) lib/action_dispatch/middleware/server_timing.rb:61:in `block in call'
actionpack (7.0.7.2) lib/action_dispatch/middleware/server_timing.rb:26:in `collect_events'
actionpack (7.0.7.2) lib/action_dispatch/middleware/server_timing.rb:60:in `call'
actionpack (7.0.7.2) lib/action_dispatch/middleware/executor.rb:14:in `call'
actionpack (7.0.7.2) lib/action_dispatch/middleware/static.rb:23:in `call'
rack (2.2.8) lib/rack/sendfile.rb:110:in `call'
actionpack (7.0.7.2) lib/action_dispatch/middleware/host_authorization.rb:137:in `call'
railties (7.0.7.2) lib/rails/engine.rb:530:in `call'
puma (5.6.7) lib/puma/configuration.rb:252:in `call'
puma (5.6.7) lib/puma/request.rb:77:in `block in handle_request'
puma (5.6.7) lib/puma/thread_pool.rb:340:in `with_force_shutdown'
puma (5.6.7) lib/puma/request.rb:76:in `handle_request'
puma (5.6.7) lib/puma/server.rb:443:in `process_client'
puma (5.6.7) lib/puma/thread_pool.rb:147:in `block in spawn_thread'
Started GET "/favicon.ico" for 127.0.0.1 at 2023-08-31 08:39:53 +0100
  
ActionController::RoutingError (No route matches [GET] "/favicon.ico"):
  
Started GET "/doctors/1" for 127.0.0.1 at 2023-08-31 08:43:32 +0100
Processing by DoctorsController#show as HTML
  Parameters: {"id"=>"1"}
  [1m[36mDoctor Load (1.8ms)[0m  [1m[34mSELECT "doctors".* FROM "doctors" WHERE "doctors"."id" = $1 LIMIT $2[0m  [["id", 1], ["LIMIT", 1]]
  ↳ app/controllers/doctors_controller.rb:10:in `show'
Completed 500 Internal Server Error in 89ms (ActiveRecord: 11.2ms | Allocations: 12352)


  
NameError (uninitialized constant DoctorsController::DoctorShowSerializer):
  
app/controllers/doctors_controller.rb:11:in `show'
Started GET "/doctors/1" for 127.0.0.1 at 2023-08-31 08:44:09 +0100
Processing by DoctorsController#show as HTML
  Parameters: {"id"=>"1"}
  [1m[36mDoctor Load (0.4ms)[0m  [1m[34mSELECT "doctors".* FROM "doctors" WHERE "doctors"."id" = $1 LIMIT $2[0m  [["id", 1], ["LIMIT", 1]]
  ↳ app/controllers/doctors_controller.rb:10:in `show'
Completed 204 No Content in 33ms (ActiveRecord: 7.9ms | Allocations: 5714)


Started GET "/doctors/1" for 127.0.0.1 at 2023-08-31 08:44:20 +0100
Processing by DoctorsController#show as HTML
  Parameters: {"id"=>"1"}
  [1m[36mDoctor Load (0.5ms)[0m  [1m[34mSELECT "doctors".* FROM "doctors" WHERE "doctors"."id" = $1 LIMIT $2[0m  [["id", 1], ["LIMIT", 1]]
  ↳ app/controllers/doctors_controller.rb:10:in `show'
Completed 204 No Content in 3ms (ActiveRecord: 0.5ms | Allocations: 582)


Started GET "/doctors/1" for 127.0.0.1 at 2023-08-31 08:44:21 +0100
Processing by DoctorsController#show as HTML
  Parameters: {"id"=>"1"}
  [1m[36mDoctor Load (0.5ms)[0m  [1m[34mSELECT "doctors".* FROM "doctors" WHERE "doctors"."id" = $1 LIMIT $2[0m  [["id", 1], ["LIMIT", 1]]
  ↳ app/controllers/doctors_controller.rb:10:in `show'
Completed 204 No Content in 3ms (ActiveRecord: 0.5ms | Allocations: 564)


Started GET "/doctors/2" for 127.0.0.1 at 2023-08-31 08:44:46 +0100
Processing by DoctorsController#show as HTML
  Parameters: {"id"=>"2"}
  [1m[36mDoctor Load (0.4ms)[0m  [1m[34mSELECT "doctors".* FROM "doctors" WHERE "doctors"."id" = $1 LIMIT $2[0m  [["id", 2], ["LIMIT", 1]]
  ↳ app/controllers/doctors_controller.rb:10:in `show'
Completed 204 No Content in 3ms (ActiveRecord: 0.4ms | Allocations: 564)


Started GET "/" for 127.0.0.1 at 2023-08-31 08:45:25 +0100
  [1m[36mActiveRecord::SchemaMigration Pluck (2.6ms)[0m  [1m[34mSELECT "schema_migrations"."version" FROM "schema_migrations" ORDER BY "schema_migrations"."version" ASC[0m
Processing by Rails::WelcomeController#index as HTML
  Rendering C:/Ruby32-x64/lib/ruby/gems/3.2.0/gems/railties-7.0.7.2/lib/rails/templates/rails/welcome/index.html.erb
  Rendered C:/Ruby32-x64/lib/ruby/gems/3.2.0/gems/railties-7.0.7.2/lib/rails/templates/rails/welcome/index.html.erb (Duration: 6.4ms | Allocations: 649)
Completed 200 OK in 86ms (Views: 27.2ms | ActiveRecord: 0.0ms | Allocations: 7079)


Started GET "/" for 127.0.0.1 at 2023-08-31 08:45:35 +0100
Processing by Rails::WelcomeController#index as HTML
  Rendering C:/Ruby32-x64/lib/ruby/gems/3.2.0/gems/railties-7.0.7.2/lib/rails/templates/rails/welcome/index.html.erb
  Rendered C:/Ruby32-x64/lib/ruby/gems/3.2.0/gems/railties-7.0.7.2/lib/rails/templates/rails/welcome/index.html.erb (Duration: 2.1ms | Allocations: 272)
Completed 200 OK in 9ms (Views: 5.8ms | ActiveRecord: 0.0ms | Allocations: 876)


Started GET "/doctors/1" for 127.0.0.1 at 2023-08-31 08:45:50 +0100
Processing by DoctorsController#show as HTML
  Parameters: {"id"=>"1"}
  [1m[36mDoctor Load (2.3ms)[0m  [1m[34mSELECT "doctors".* FROM "doctors" WHERE "doctors"."id" = $1 LIMIT $2[0m  [["id", 1], ["LIMIT", 1]]
  ↳ app/controllers/doctors_controller.rb:10:in `show'
Completed 204 No Content in 150ms (ActiveRecord: 15.6ms | Allocations: 12290)


Started GET "/doctor/1" for 127.0.0.1 at 2023-08-31 08:46:03 +0100
  
ActionController::RoutingError (No route matches [GET] "/doctor/1"):
  
Started GET "/doctors/1" for 127.0.0.1 at 2023-08-31 08:46:34 +0100
Processing by DoctorsController#show as HTML
  Parameters: {"id"=>"1"}
  [1m[36mDoctor Load (0.5ms)[0m  [1m[34mSELECT "doctors".* FROM "doctors" WHERE "doctors"."id" = $1 LIMIT $2[0m  [["id", 1], ["LIMIT", 1]]
  ↳ app/controllers/doctors_controller.rb:10:in `show'
Completed 204 No Content in 4ms (ActiveRecord: 0.5ms | Allocations: 564)


Started GET "/doctors/1" for 127.0.0.1 at 2023-08-31 08:46:41 +0100
Processing by DoctorsController#show as HTML
  Parameters: {"id"=>"1"}
  [1m[36mDoctor Load (0.4ms)[0m  [1m[34mSELECT "doctors".* FROM "doctors" WHERE "doctors"."id" = $1 LIMIT $2[0m  [["id", 1], ["LIMIT", 1]]
  ↳ app/controllers/doctors_controller.rb:10:in `show'
Completed 204 No Content in 3ms (ActiveRecord: 0.4ms | Allocations: 582)


Started GET "/doctors/1" for 127.0.0.1 at 2023-08-31 08:46:44 +0100
Processing by DoctorsController#show as HTML
  Parameters: {"id"=>"1"}
  [1m[36mDoctor Load (0.5ms)[0m  [1m[34mSELECT "doctors".* FROM "doctors" WHERE "doctors"."id" = $1 LIMIT $2[0m  [["id", 1], ["LIMIT", 1]]
  ↳ app/controllers/doctors_controller.rb:10:in `show'
Completed 204 No Content in 3ms (ActiveRecord: 0.5ms | Allocations: 578)


Started GET "/" for 127.0.0.1 at 2023-08-31 08:46:56 +0100
Processing by Rails::WelcomeController#index as HTML
  Rendering C:/Ruby32-x64/lib/ruby/gems/3.2.0/gems/railties-7.0.7.2/lib/rails/templates/rails/welcome/index.html.erb
  Rendered C:/Ruby32-x64/lib/ruby/gems/3.2.0/gems/railties-7.0.7.2/lib/rails/templates/rails/welcome/index.html.erb (Duration: 0.1ms | Allocations: 13)
Completed 200 OK in 2ms (Views: 1.3ms | ActiveRecord: 0.0ms | Allocations: 207)


Started GET "/doctors/1" for 127.0.0.1 at 2023-08-31 08:47:06 +0100
Processing by DoctorsController#show as HTML
  Parameters: {"id"=>"1"}
  [1m[36mDoctor Load (0.5ms)[0m  [1m[34mSELECT "doctors".* FROM "doctors" WHERE "doctors"."id" = $1 LIMIT $2[0m  [["id", 1], ["LIMIT", 1]]
  ↳ app/controllers/doctors_controller.rb:10:in `show'
Completed 204 No Content in 4ms (ActiveRecord: 0.5ms | Allocations: 579)


Started GET "/doctors/1" for 127.0.0.1 at 2023-08-31 08:47:07 +0100
Processing by DoctorsController#show as HTML
  Parameters: {"id"=>"1"}
  [1m[36mDoctor Load (0.5ms)[0m  [1m[34mSELECT "doctors".* FROM "doctors" WHERE "doctors"."id" = $1 LIMIT $2[0m  [["id", 1], ["LIMIT", 1]]
  ↳ app/controllers/doctors_controller.rb:10:in `show'
Completed 204 No Content in 4ms (ActiveRecord: 0.5ms | Allocations: 564)


Started GET "/doctors/1" for 127.0.0.1 at 2023-08-31 08:47:47 +0100
Processing by DoctorsController#show as HTML
  Parameters: {"id"=>"1"}
  [1m[36mDoctor Load (0.4ms)[0m  [1m[34mSELECT "doctors".* FROM "doctors" WHERE "doctors"."id" = $1 LIMIT $2[0m  [["id", 1], ["LIMIT", 1]]
  ↳ app/controllers/doctors_controller.rb:10:in `show'
Completed 204 No Content in 37ms (ActiveRecord: 5.4ms | Allocations: 5697)


Started GET "/" for 127.0.0.1 at 2023-08-31 08:48:57 +0100
  [1m[36mActiveRecord::SchemaMigration Pluck (2.4ms)[0m  [1m[34mSELECT "schema_migrations"."version" FROM "schema_migrations" ORDER BY "schema_migrations"."version" ASC[0m
Processing by Rails::WelcomeController#index as HTML
  Rendering C:/Ruby32-x64/lib/ruby/gems/3.2.0/gems/railties-7.0.7.2/lib/rails/templates/rails/welcome/index.html.erb
  Rendered C:/Ruby32-x64/lib/ruby/gems/3.2.0/gems/railties-7.0.7.2/lib/rails/templates/rails/welcome/index.html.erb (Duration: 5.7ms | Allocations: 648)
Completed 200 OK in 72ms (Views: 24.0ms | ActiveRecord: 0.0ms | Allocations: 7074)


Started GET "/doctors/1" for 127.0.0.1 at 2023-08-31 08:49:09 +0100
Processing by DoctorsController#show as HTML
  Parameters: {"id"=>"1"}
  [1m[36mDoctor Load (2.0ms)[0m  [1m[34mSELECT "doctors".* FROM "doctors" WHERE "doctors"."id" = $1 LIMIT $2[0m  [["id", 1], ["LIMIT", 1]]
  ↳ app/controllers/doctors_controller.rb:10:in `show'
  [1m[36mActiveStorage::Attachment Load (3.6ms)[0m  [1m[34mSELECT "active_storage_attachments".* FROM "active_storage_attachments" WHERE "active_storage_attachments"."record_id" = $1 AND "active_storage_attachments"."record_type" = $2 AND "active_storage_attachments"."name" = $3 LIMIT $4[0m  [["record_id", 1], ["record_type", "Doctor"], ["name", "image"], ["LIMIT", 1]]
  ↳ app/controllers/doctors_controller.rb:11:in `show'
  [1m[36mActiveStorage::Blob Load (2.5ms)[0m  [1m[34mSELECT "active_storage_blobs".* FROM "active_storage_blobs" WHERE "active_storage_blobs"."id" = $1 LIMIT $2[0m  [["id", 1], ["LIMIT", 1]]
  ↳ app/controllers/doctors_controller.rb:11:in `show'
Completed 500 Internal Server Error in 396ms (ActiveRecord: 26.3ms | Allocations: 40279)


  
SystemStackError (stack level too deep):
  
Started GET "/doctors/1" for 127.0.0.1 at 2023-08-31 08:49:10 +0100
Processing by DoctorsController#show as HTML
  Parameters: {"id"=>"1"}
  [1m[36mDoctor Load (0.4ms)[0m  [1m[34mSELECT "doctors".* FROM "doctors" WHERE "doctors"."id" = $1 LIMIT $2[0m  [["id", 1], ["LIMIT", 1]]
  ↳ app/controllers/doctors_controller.rb:10:in `show'
  [1m[36mActiveStorage::Attachment Load (0.5ms)[0m  [1m[34mSELECT "active_storage_attachments".* FROM "active_storage_attachments" WHERE "active_storage_attachments"."record_id" = $1 AND "active_storage_attachments"."record_type" = $2 AND "active_storage_attachments"."name" = $3 LIMIT $4[0m  [["record_id", 1], ["record_type", "Doctor"], ["name", "image"], ["LIMIT", 1]]
  ↳ app/controllers/doctors_controller.rb:11:in `show'
  [1m[36mActiveStorage::Blob Load (0.5ms)[0m  [1m[34mSELECT "active_storage_blobs".* FROM "active_storage_blobs" WHERE "active_storage_blobs"."id" = $1 LIMIT $2[0m  [["id", 1], ["LIMIT", 1]]
  ↳ app/controllers/doctors_controller.rb:11:in `show'
Completed 500 Internal Server Error in 23ms (ActiveRecord: 1.4ms | Allocations: 6911)


  
SystemStackError (stack level too deep):
  
Started GET "/doctors/1" for 127.0.0.1 at 2023-08-31 08:49:41 +0100
Processing by DoctorsController#show as HTML
  Parameters: {"id"=>"1"}
  [1m[36mDoctor Load (0.5ms)[0m  [1m[34mSELECT "doctors".* FROM "doctors" WHERE "doctors"."id" = $1 LIMIT $2[0m  [["id", 1], ["LIMIT", 1]]
  ↳ app/controllers/doctors_controller.rb:10:in `show'
Completed 500 Internal Server Error in 36ms (ActiveRecord: 7.8ms | Allocations: 6076)


  
NoMethodError (undefined method `appointements' for #<Doctor id: 1, name: "Dr. John Doe", speciality: "Dentist", description: "Dr. John Doe is a Dentist in e is tent.", experience: 10, fees: 0.1e3, image: nil, created_at: "2023-08-31 07:07:28.509535000 +0000", updated_at: "2023-08-31 07:07:28.615674000 +0000">):
  
app/controllers/doctors_controller.rb:11:in `show'
Started GET "/doctors/1" for 127.0.0.1 at 2023-08-31 08:51:09 +0100
Processing by DoctorsController#show as HTML
  Parameters: {"id"=>"1"}
  [1m[36mDoctor Load (0.7ms)[0m  [1m[34mSELECT "doctors".* FROM "doctors" WHERE "doctors"."id" = $1 LIMIT $2[0m  [["id", 1], ["LIMIT", 1]]
  ↳ app/controllers/doctors_controller.rb:10:in `show'
  [1m[36mActiveStorage::Attachment Load (0.4ms)[0m  [1m[34mSELECT "active_storage_attachments".* FROM "active_storage_attachments" WHERE "active_storage_attachments"."record_id" = $1 AND "active_storage_attachments"."record_type" = $2 AND "active_storage_attachments"."name" = $3 LIMIT $4[0m  [["record_id", 1], ["record_type", "Doctor"], ["name", "image"], ["LIMIT", 1]]
  ↳ app/controllers/doctors_controller.rb:11:in `show'
  [1m[36mActiveStorage::Blob Load (0.5ms)[0m  [1m[34mSELECT "active_storage_blobs".* FROM "active_storage_blobs" WHERE "active_storage_blobs"."id" = $1 LIMIT $2[0m  [["id", 1], ["LIMIT", 1]]
  ↳ app/controllers/doctors_controller.rb:11:in `show'
Completed 500 Internal Server Error in 122ms (ActiveRecord: 16.3ms | Allocations: 22807)


  
SystemStackError (stack level too deep):
  
Started GET "/doctors" for 127.0.0.1 at 2023-08-31 08:59:19 +0100
Processing by DoctorsController#index as HTML
  [1m[36mDoctor Load (2.6ms)[0m  [1m[34mSELECT "doctors".* FROM "doctors"[0m
  ↳ app/controllers/doctors_controller.rb:5:in `index'
  [1m[36mActiveStorage::Attachment Load (3.7ms)[0m  [1m[34mSELECT "active_storage_attachments".* FROM "active_storage_attachments" WHERE "active_storage_attachments"."record_id" = $1 AND "active_storage_attachments"."record_type" = $2 AND "active_storage_attachments"."name" = $3 LIMIT $4[0m  [["record_id", 1], ["record_type", "Doctor"], ["name", "image"], ["LIMIT", 1]]
  ↳ app/controllers/doctors_controller.rb:5:in `index'
  [1m[36mActiveStorage::Blob Load (2.8ms)[0m  [1m[34mSELECT "active_storage_blobs".* FROM "active_storage_blobs" WHERE "active_storage_blobs"."id" = $1 LIMIT $2[0m  [["id", 1], ["LIMIT", 1]]
  ↳ app/controllers/doctors_controller.rb:5:in `index'
Completed 500 Internal Server Error in 250ms (ActiveRecord: 27.5ms | Allocations: 24800)


  
SystemStackError (stack level too deep):
  
Started GET "/doctors" for 127.0.0.1 at 2023-08-31 09:00:48 +0100
Processing by DoctorsController#index as HTML
Completed 500 Internal Server Error in 24ms (ActiveRecord: 0.0ms | Allocations: 2421)


  
NameError (uninitialized constant DoctorsController::DoctorShowSerializer):
  
app/controllers/doctors_controller.rb:5:in `index'
Started GET "/doctors" for 127.0.0.1 at 2023-08-31 09:04:01 +0100
  [1m[36mActiveRecord::SchemaMigration Pluck (2.5ms)[0m  [1m[34mSELECT "schema_migrations"."version" FROM "schema_migrations" ORDER BY "schema_migrations"."version" ASC[0m
Processing by DoctorsController#index as HTML
Completed 500 Internal Server Error in 69ms (ActiveRecord: 0.0ms | Allocations: 7422)


  
NameError (uninitialized constant ActiveModel::Serializer):
  
app/serializers/doctor_show_serializer.rb:3:in `<top (required)>'
app/controllers/doctors_controller.rb:5:in `index'
Started GET "/doctors" for 127.0.0.1 at 2023-08-31 09:05:08 +0100
Processing by DoctorsController#index as HTML
Completed 500 Internal Server Error in 16ms (ActiveRecord: 0.0ms | Allocations: 2517)


  
NameError (uninitialized constant ActiveModel::Serializer):
  
app/serializers/doctor_show_serializer.rb:3:in `<top (required)>'
app/controllers/doctors_controller.rb:5:in `index'
Started GET "/doctors" for 127.0.0.1 at 2023-08-31 09:05:39 +0100
Processing by DoctorsController#index as HTML
Completed 500 Internal Server Error in 17ms (ActiveRecord: 0.0ms | Allocations: 2517)


  
NameError (uninitialized constant ActiveModel::Serializers::Model):
  
app/serializers/doctor_show_serializer.rb:3:in `<top (required)>'
app/controllers/doctors_controller.rb:5:in `index'
Started GET "/doctors" for 127.0.0.1 at 2023-08-31 09:05:57 +0100
Processing by DoctorsController#index as HTML
Completed 500 Internal Server Error in 16ms (ActiveRecord: 0.0ms | Allocations: 2516)


  
NameError (uninitialized constant ActiveModel::Serializers::Module):
  
app/serializers/doctor_show_serializer.rb:3:in `<top (required)>'
app/controllers/doctors_controller.rb:5:in `index'
Started GET "/doctors" for 127.0.0.1 at 2023-08-31 09:06:19 +0100
Processing by DoctorsController#index as HTML
Completed 500 Internal Server Error in 20ms (ActiveRecord: 0.0ms | Allocations: 2521)


  
TypeError (superclass must be an instance of Class (given an instance of Module)):
  
app/serializers/doctor_show_serializer.rb:3:in `<top (required)>'
app/controllers/doctors_controller.rb:5:in `index'
